2015/09/19 06:13:15 [error] [exception.CException] exception 'CException' with message 'Property "CNumberValidator.0" is not defined.' in C:\xampp\htdocs\yii-uno-curso\framework\base\CComponent.php:173
Stack trace:
#0 C:\xampp\htdocs\yii-uno-curso\framework\validators\CValidator.php(177): CComponent->__set('0', 'length')
#1 C:\xampp\htdocs\yii-uno-curso\framework\base\CModel.php(287): CValidator::createValidator('numerical', Object(Users), 'email', Array)
#2 C:\xampp\htdocs\yii-uno-curso\framework\base\CModel.php(260): CModel->createValidators()
#3 C:\xampp\htdocs\yii-uno-curso\framework\base\CModel.php(304): CModel->getValidators('username')
#4 C:\xampp\htdocs\yii-uno-curso\framework\web\helpers\CHtml.php(1513): CModel->isAttributeRequired('username')
#5 C:\xampp\htdocs\yii-uno-curso\framework\web\widgets\CActiveForm.php(600): CHtml::activeLabelEx(Object(Users), 'username', Array)
#6 C:\xampp\htdocs\yii-uno-curso\facilito\protected\views\users\_form.php(23): CActiveForm->labelEx(Object(Users), 'username')
#7 C:\xampp\htdocs\yii-uno-curso\framework\web\CBaseController.php(126): require('C:\\xampp\\htdocs...')
#8 C:\xampp\htdocs\yii-uno-curso\framework\web\CBaseController.php(95): CBaseController->renderInternal('C:\\xampp\\htdocs...', Array, true)
#9 C:\xampp\htdocs\yii-uno-curso\framework\web\CController.php(869): CBaseController->renderFile('C:\\xampp\\htdocs...', Array, true)
#10 C:\xampp\htdocs\yii-uno-curso\facilito\protected\views\users\create.php(18): CController->renderPartial('_form', Array)
#11 C:\xampp\htdocs\yii-uno-curso\framework\web\CBaseController.php(126): require('C:\\xampp\\htdocs...')
#12 C:\xampp\htdocs\yii-uno-curso\framework\web\CBaseController.php(95): CBaseController->renderInternal('C:\\xampp\\htdocs...', Array, true)
#13 C:\xampp\htdocs\yii-uno-curso\framework\web\CController.php(869): CBaseController->renderFile('C:\\xampp\\htdocs...', Array, true)
#14 C:\xampp\htdocs\yii-uno-curso\framework\web\CController.php(782): CController->renderPartial('create', Array, true)
#15 C:\xampp\htdocs\yii-uno-curso\facilito\protected\controllers\UsersController.php(79): CController->render('create', Array)
#16 C:\xampp\htdocs\yii-uno-curso\framework\web\actions\CInlineAction.php(49): UsersController->actionCreate()
#17 C:\xampp\htdocs\yii-uno-curso\framework\web\CController.php(308): CInlineAction->runWithParams(Array)
#18 C:\xampp\htdocs\yii-uno-curso\framework\web\filters\CFilterChain.php(133): CController->runAction(Object(CInlineAction))
#19 C:\xampp\htdocs\yii-uno-curso\framework\web\filters\CFilter.php(40): CFilterChain->run()
#20 C:\xampp\htdocs\yii-uno-curso\framework\web\CController.php(1145): CFilter->filter(Object(CFilterChain))
#21 C:\xampp\htdocs\yii-uno-curso\framework\web\filters\CInlineFilter.php(58): CController->filterAccessControl(Object(CFilterChain))
#22 C:\xampp\htdocs\yii-uno-curso\framework\web\filters\CFilterChain.php(130): CInlineFilter->filter(Object(CFilterChain))
#23 C:\xampp\htdocs\yii-uno-curso\framework\web\CController.php(291): CFilterChain->run()
#24 C:\xampp\htdocs\yii-uno-curso\framework\web\CController.php(265): CController->runActionWithFilters(Object(CInlineAction), Array)
#25 C:\xampp\htdocs\yii-uno-curso\framework\web\CWebApplication.php(282): CController->run('create')
#26 C:\xampp\htdocs\yii-uno-curso\framework\web\CWebApplication.php(141): CWebApplication->runController('users/create')
#27 C:\xampp\htdocs\yii-uno-curso\framework\base\CApplication.php(184): CWebApplication->processRequest()
#28 C:\xampp\htdocs\yii-uno-curso\facilito\index.php(13): CApplication->run()
#29 {main}
REQUEST_URI=/yii-uno-curso/facilito/users/create.html
HTTP_REFERER=http://localhost/yii-uno-curso/facilito/users/index.html
---
2015/09/19 06:16:48 [error] [exception.CException] exception 'CException' with message 'Property "CNumberValidator.0" is not defined.' in C:\xampp\htdocs\yii-uno-curso\framework\base\CComponent.php:173
Stack trace:
#0 C:\xampp\htdocs\yii-uno-curso\framework\validators\CValidator.php(177): CComponent->__set('0', 'length')
#1 C:\xampp\htdocs\yii-uno-curso\framework\base\CModel.php(287): CValidator::createValidator('numerical', Object(Users), 'email', Array)
#2 C:\xampp\htdocs\yii-uno-curso\framework\base\CModel.php(260): CModel->createValidators()
#3 C:\xampp\htdocs\yii-uno-curso\framework\base\CModel.php(304): CModel->getValidators('username')
#4 C:\xampp\htdocs\yii-uno-curso\framework\web\helpers\CHtml.php(1513): CModel->isAttributeRequired('username')
#5 C:\xampp\htdocs\yii-uno-curso\framework\web\widgets\CActiveForm.php(600): CHtml::activeLabelEx(Object(Users), 'username', Array)
#6 C:\xampp\htdocs\yii-uno-curso\facilito\protected\views\users\_form.php(23): CActiveForm->labelEx(Object(Users), 'username')
#7 C:\xampp\htdocs\yii-uno-curso\framework\web\CBaseController.php(126): require('C:\\xampp\\htdocs...')
#8 C:\xampp\htdocs\yii-uno-curso\framework\web\CBaseController.php(95): CBaseController->renderInternal('C:\\xampp\\htdocs...', Array, true)
#9 C:\xampp\htdocs\yii-uno-curso\framework\web\CController.php(869): CBaseController->renderFile('C:\\xampp\\htdocs...', Array, true)
#10 C:\xampp\htdocs\yii-uno-curso\facilito\protected\views\users\create.php(18): CController->renderPartial('_form', Array)
#11 C:\xampp\htdocs\yii-uno-curso\framework\web\CBaseController.php(126): require('C:\\xampp\\htdocs...')
#12 C:\xampp\htdocs\yii-uno-curso\framework\web\CBaseController.php(95): CBaseController->renderInternal('C:\\xampp\\htdocs...', Array, true)
#13 C:\xampp\htdocs\yii-uno-curso\framework\web\CController.php(869): CBaseController->renderFile('C:\\xampp\\htdocs...', Array, true)
#14 C:\xampp\htdocs\yii-uno-curso\framework\web\CController.php(782): CController->renderPartial('create', Array, true)
#15 C:\xampp\htdocs\yii-uno-curso\facilito\protected\controllers\UsersController.php(79): CController->render('create', Array)
#16 C:\xampp\htdocs\yii-uno-curso\framework\web\actions\CInlineAction.php(49): UsersController->actionCreate()
#17 C:\xampp\htdocs\yii-uno-curso\framework\web\CController.php(308): CInlineAction->runWithParams(Array)
#18 C:\xampp\htdocs\yii-uno-curso\framework\web\filters\CFilterChain.php(133): CController->runAction(Object(CInlineAction))
#19 C:\xampp\htdocs\yii-uno-curso\framework\web\filters\CFilter.php(40): CFilterChain->run()
#20 C:\xampp\htdocs\yii-uno-curso\framework\web\CController.php(1145): CFilter->filter(Object(CFilterChain))
#21 C:\xampp\htdocs\yii-uno-curso\framework\web\filters\CInlineFilter.php(58): CController->filterAccessControl(Object(CFilterChain))
#22 C:\xampp\htdocs\yii-uno-curso\framework\web\filters\CFilterChain.php(130): CInlineFilter->filter(Object(CFilterChain))
#23 C:\xampp\htdocs\yii-uno-curso\framework\web\CController.php(291): CFilterChain->run()
#24 C:\xampp\htdocs\yii-uno-curso\framework\web\CController.php(265): CController->runActionWithFilters(Object(CInlineAction), Array)
#25 C:\xampp\htdocs\yii-uno-curso\framework\web\CWebApplication.php(282): CController->run('create')
#26 C:\xampp\htdocs\yii-uno-curso\framework\web\CWebApplication.php(141): CWebApplication->runController('users/create')
#27 C:\xampp\htdocs\yii-uno-curso\framework\base\CApplication.php(184): CWebApplication->processRequest()
#28 C:\xampp\htdocs\yii-uno-curso\facilito\index.php(13): CApplication->run()
#29 {main}
REQUEST_URI=/yii-uno-curso/facilito/users/create.html
HTTP_REFERER=http://localhost/yii-uno-curso/facilito/users/index.html
---
2015/09/20 04:55:20 [error] [exception.CHttpException.404] exception 'CHttpException' with message 'The system is unable to find the requested action "css".' in C:\xampp\htdocs\yii-uno-curso\framework\web\CController.php:483
Stack trace:
#0 C:\xampp\htdocs\yii-uno-curso\framework\web\CController.php(270): CController->missingAction('css')
#1 C:\xampp\htdocs\yii-uno-curso\framework\web\CWebApplication.php(282): CController->run('css')
#2 C:\xampp\htdocs\yii-uno-curso\framework\web\CWebApplication.php(141): CWebApplication->runController('site/css/bootst...')
#3 C:\xampp\htdocs\yii-uno-curso\framework\base\CApplication.php(184): CWebApplication->processRequest()
#4 C:\xampp\htdocs\yii-uno-curso\facilito\index.php(13): CApplication->run()
#5 {main}
REQUEST_URI=/yii-uno-curso/facilito/site/css/bootstrap.min.css
HTTP_REFERER=http://localhost/yii-uno-curso/facilito/site/
---
2015/09/20 04:55:22 [error] [exception.CHttpException.404] exception 'CHttpException' with message 'The system is unable to find the requested action "js".' in C:\xampp\htdocs\yii-uno-curso\framework\web\CController.php:483
Stack trace:
#0 C:\xampp\htdocs\yii-uno-curso\framework\web\CController.php(270): CController->missingAction('js')
#1 C:\xampp\htdocs\yii-uno-curso\framework\web\CWebApplication.php(282): CController->run('js')
#2 C:\xampp\htdocs\yii-uno-curso\framework\web\CWebApplication.php(141): CWebApplication->runController('site/js/bootstr...')
#3 C:\xampp\htdocs\yii-uno-curso\framework\base\CApplication.php(184): CWebApplication->processRequest()
#4 C:\xampp\htdocs\yii-uno-curso\facilito\index.php(13): CApplication->run()
#5 {main}
REQUEST_URI=/yii-uno-curso/facilito/site/js/bootstrap.min.js
HTTP_REFERER=http://localhost/yii-uno-curso/facilito/site/
---
2015/09/20 04:55:22 [error] [exception.CHttpException.404] exception 'CHttpException' with message 'The system is unable to find the requested action "css".' in C:\xampp\htdocs\yii-uno-curso\framework\web\CController.php:483
Stack trace:
#0 C:\xampp\htdocs\yii-uno-curso\framework\web\CController.php(270): CController->missingAction('css')
#1 C:\xampp\htdocs\yii-uno-curso\framework\web\CWebApplication.php(282): CController->run('css')
#2 C:\xampp\htdocs\yii-uno-curso\framework\web\CWebApplication.php(141): CWebApplication->runController('site/css/respon...')
#3 C:\xampp\htdocs\yii-uno-curso\framework\base\CApplication.php(184): CWebApplication->processRequest()
#4 C:\xampp\htdocs\yii-uno-curso\facilito\index.php(13): CApplication->run()
#5 {main}
REQUEST_URI=/yii-uno-curso/facilito/site/css/responsive.min.css
HTTP_REFERER=http://localhost/yii-uno-curso/facilito/site/
---
2015/09/20 04:55:22 [error] [exception.CHttpException.404] exception 'CHttpException' with message 'The system is unable to find the requested action "js".' in C:\xampp\htdocs\yii-uno-curso\framework\web\CController.php:483
Stack trace:
#0 C:\xampp\htdocs\yii-uno-curso\framework\web\CController.php(270): CController->missingAction('js')
#1 C:\xampp\htdocs\yii-uno-curso\framework\web\CWebApplication.php(282): CController->run('js')
#2 C:\xampp\htdocs\yii-uno-curso\framework\web\CWebApplication.php(141): CWebApplication->runController('site/js/jquery....')
#3 C:\xampp\htdocs\yii-uno-curso\framework\base\CApplication.php(184): CWebApplication->processRequest()
#4 C:\xampp\htdocs\yii-uno-curso\facilito\index.php(13): CApplication->run()
#5 {main}
REQUEST_URI=/yii-uno-curso/facilito/site/js/jquery.js
HTTP_REFERER=http://localhost/yii-uno-curso/facilito/site/
---
2015/09/20 04:55:27 [error] [exception.CHttpException.404] exception 'CHttpException' with message 'The system is unable to find the requested action "ico".' in C:\xampp\htdocs\yii-uno-curso\framework\web\CController.php:483
Stack trace:
#0 C:\xampp\htdocs\yii-uno-curso\framework\web\CController.php(270): CController->missingAction('ico')
#1 C:\xampp\htdocs\yii-uno-curso\framework\web\CWebApplication.php(282): CController->run('ico')
#2 C:\xampp\htdocs\yii-uno-curso\framework\web\CWebApplication.php(141): CWebApplication->runController('site/ico/favico...')
#3 C:\xampp\htdocs\yii-uno-curso\framework\base\CApplication.php(184): CWebApplication->processRequest()
#4 C:\xampp\htdocs\yii-uno-curso\facilito\index.php(13): CApplication->run()
#5 {main}
REQUEST_URI=/yii-uno-curso/facilito/site/ico/favicon.png
HTTP_REFERER=http://localhost/yii-uno-curso/facilito/site/
---
2015/09/20 05:11:00 [error] [exception.CHttpException.404] exception 'CHttpException' with message 'Unable to resolve the request "themes/classiccss/bootstrap.min.css".' in C:\xampp\htdocs\yii-uno-curso\framework\web\CWebApplication.php:286
Stack trace:
#0 C:\xampp\htdocs\yii-uno-curso\framework\web\CWebApplication.php(141): CWebApplication->runController('themes/classicc...')
#1 C:\xampp\htdocs\yii-uno-curso\framework\base\CApplication.php(184): CWebApplication->processRequest()
#2 C:\xampp\htdocs\yii-uno-curso\facilito\index.php(13): CApplication->run()
#3 {main}
REQUEST_URI=/yii-uno-curso/facilito/themes/classiccss/bootstrap.min.css
HTTP_REFERER=http://localhost/yii-uno-curso/facilito/site/
---
2015/09/20 05:11:15 [error] [exception.CHttpException.404] exception 'CHttpException' with message 'Unable to resolve the request "themes/classiccss/responsive.min.css".' in C:\xampp\htdocs\yii-uno-curso\framework\web\CWebApplication.php:286
Stack trace:
#0 C:\xampp\htdocs\yii-uno-curso\framework\web\CWebApplication.php(141): CWebApplication->runController('themes/classicc...')
#1 C:\xampp\htdocs\yii-uno-curso\framework\base\CApplication.php(184): CWebApplication->processRequest()
#2 C:\xampp\htdocs\yii-uno-curso\facilito\index.php(13): CApplication->run()
#3 {main}
REQUEST_URI=/yii-uno-curso/facilito/themes/classiccss/responsive.min.css
HTTP_REFERER=http://localhost/yii-uno-curso/facilito/site/
---
2015/09/20 05:11:15 [error] [exception.CHttpException.404] exception 'CHttpException' with message 'Unable to resolve the request "themes/classiccss/bootstrap.min.css".' in C:\xampp\htdocs\yii-uno-curso\framework\web\CWebApplication.php:286
Stack trace:
#0 C:\xampp\htdocs\yii-uno-curso\framework\web\CWebApplication.php(141): CWebApplication->runController('themes/classicc...')
#1 C:\xampp\htdocs\yii-uno-curso\framework\base\CApplication.php(184): CWebApplication->processRequest()
#2 C:\xampp\htdocs\yii-uno-curso\facilito\index.php(13): CApplication->run()
#3 {main}
REQUEST_URI=/yii-uno-curso/facilito/themes/classiccss/bootstrap.min.css
HTTP_REFERER=http://localhost/yii-uno-curso/facilito/site/
---
2015/09/20 05:13:31 [error] [exception.CHttpException.404] exception 'CHttpException' with message 'Unable to resolve the request "themes/classic/css/bootstrap.min.css".' in C:\xampp\htdocs\yii-uno-curso\framework\web\CWebApplication.php:286
Stack trace:
#0 C:\xampp\htdocs\yii-uno-curso\framework\web\CWebApplication.php(141): CWebApplication->runController('themes/classic/...')
#1 C:\xampp\htdocs\yii-uno-curso\framework\base\CApplication.php(184): CWebApplication->processRequest()
#2 C:\xampp\htdocs\yii-uno-curso\facilito\index.php(13): CApplication->run()
#3 {main}
REQUEST_URI=/yii-uno-curso/facilito/themes/classic/css/bootstrap.min.css
HTTP_REFERER=http://localhost/yii-uno-curso/facilito/site/
---
2015/09/20 05:13:31 [error] [exception.CHttpException.404] exception 'CHttpException' with message 'Unable to resolve the request "themes/classic/css/responsive.min.css".' in C:\xampp\htdocs\yii-uno-curso\framework\web\CWebApplication.php:286
Stack trace:
#0 C:\xampp\htdocs\yii-uno-curso\framework\web\CWebApplication.php(141): CWebApplication->runController('themes/classic/...')
#1 C:\xampp\htdocs\yii-uno-curso\framework\base\CApplication.php(184): CWebApplication->processRequest()
#2 C:\xampp\htdocs\yii-uno-curso\facilito\index.php(13): CApplication->run()
#3 {main}
REQUEST_URI=/yii-uno-curso/facilito/themes/classic/css/responsive.min.css
HTTP_REFERER=http://localhost/yii-uno-curso/facilito/site/
---
2015/09/20 05:13:31 [error] [exception.CHttpException.404] exception 'CHttpException' with message 'Unable to resolve the request "themes/classic/ico/favicon.png".' in C:\xampp\htdocs\yii-uno-curso\framework\web\CWebApplication.php:286
Stack trace:
#0 C:\xampp\htdocs\yii-uno-curso\framework\web\CWebApplication.php(141): CWebApplication->runController('themes/classic/...')
#1 C:\xampp\htdocs\yii-uno-curso\framework\base\CApplication.php(184): CWebApplication->processRequest()
#2 C:\xampp\htdocs\yii-uno-curso\facilito\index.php(13): CApplication->run()
#3 {main}
REQUEST_URI=/yii-uno-curso/facilito/themes/classic/ico/favicon.png
HTTP_REFERER=http://localhost/yii-uno-curso/facilito/site/
---
2015/09/20 05:22:21 [error] [exception.CHttpException.404] exception 'CHttpException' with message 'Unable to resolve the request "themes/classicjs/jquery.js".' in C:\xampp\htdocs\yii-uno-curso\framework\web\CWebApplication.php:286
Stack trace:
#0 C:\xampp\htdocs\yii-uno-curso\framework\web\CWebApplication.php(141): CWebApplication->runController('themes/classicj...')
#1 C:\xampp\htdocs\yii-uno-curso\framework\base\CApplication.php(184): CWebApplication->processRequest()
#2 C:\xampp\htdocs\yii-uno-curso\facilito\index.php(13): CApplication->run()
#3 {main}
REQUEST_URI=/yii-uno-curso/facilito/themes/classicjs/jquery.js
HTTP_REFERER=http://localhost/yii-uno-curso/facilito/site/
---
2015/09/20 05:22:21 [error] [exception.CHttpException.404] exception 'CHttpException' with message 'Unable to resolve the request "themes/classicjs/bootstrap.min.js".' in C:\xampp\htdocs\yii-uno-curso\framework\web\CWebApplication.php:286
Stack trace:
#0 C:\xampp\htdocs\yii-uno-curso\framework\web\CWebApplication.php(141): CWebApplication->runController('themes/classicj...')
#1 C:\xampp\htdocs\yii-uno-curso\framework\base\CApplication.php(184): CWebApplication->processRequest()
#2 C:\xampp\htdocs\yii-uno-curso\facilito\index.php(13): CApplication->run()
#3 {main}
REQUEST_URI=/yii-uno-curso/facilito/themes/classicjs/bootstrap.min.js
HTTP_REFERER=http://localhost/yii-uno-curso/facilito/site/
---
2015/09/20 05:22:25 [error] [exception.CHttpException.404] exception 'CHttpException' with message 'Unable to resolve the request "themes/classicjs/jquery.js".' in C:\xampp\htdocs\yii-uno-curso\framework\web\CWebApplication.php:286
Stack trace:
#0 C:\xampp\htdocs\yii-uno-curso\framework\web\CWebApplication.php(141): CWebApplication->runController('themes/classicj...')
#1 C:\xampp\htdocs\yii-uno-curso\framework\base\CApplication.php(184): CWebApplication->processRequest()
#2 C:\xampp\htdocs\yii-uno-curso\facilito\index.php(13): CApplication->run()
#3 {main}
REQUEST_URI=/yii-uno-curso/facilito/themes/classicjs/jquery.js
HTTP_REFERER=http://localhost/yii-uno-curso/facilito/site/
---
2015/09/20 05:22:25 [error] [exception.CHttpException.404] exception 'CHttpException' with message 'Unable to resolve the request "themes/classicjs/bootstrap.min.js".' in C:\xampp\htdocs\yii-uno-curso\framework\web\CWebApplication.php:286
Stack trace:
#0 C:\xampp\htdocs\yii-uno-curso\framework\web\CWebApplication.php(141): CWebApplication->runController('themes/classicj...')
#1 C:\xampp\htdocs\yii-uno-curso\framework\base\CApplication.php(184): CWebApplication->processRequest()
#2 C:\xampp\htdocs\yii-uno-curso\facilito\index.php(13): CApplication->run()
#3 {main}
REQUEST_URI=/yii-uno-curso/facilito/themes/classicjs/bootstrap.min.js
HTTP_REFERER=http://localhost/yii-uno-curso/facilito/site/
---
2015/09/21 02:11:00 [error] [exception.CException] exception 'CException' with message 'Property "CMenu.htmlOption" is not defined.' in C:\xampp\htdocs\yii-uno-curso\framework\base\CComponent.php:173
Stack trace:
#0 C:\xampp\htdocs\yii-uno-curso\framework\web\CWidgetFactory.php(161): CComponent->__set('htmlOption', Array)
#1 C:\xampp\htdocs\yii-uno-curso\framework\web\CBaseController.php(146): CWidgetFactory->createWidget(Object(SiteController), 'zii.widgets.CMe...', Array)
#2 C:\xampp\htdocs\yii-uno-curso\framework\web\CBaseController.php(180): CBaseController->createWidget('zii.widgets.CMe...', Array)
#3 C:\xampp\htdocs\yii-uno-curso\facilito\themes\classic\views\layouts\main.php(49): CBaseController->widget('zii.widgets.CMe...', Array)
#4 C:\xampp\htdocs\yii-uno-curso\framework\web\CBaseController.php(126): require('C:\\xampp\\htdocs...')
#5 C:\xampp\htdocs\yii-uno-curso\framework\web\CBaseController.php(95): CBaseController->renderInternal('C:\\xampp\\htdocs...', Array, true)
#6 C:\xampp\htdocs\yii-uno-curso\framework\web\widgets\CContentDecorator.php(76): CBaseController->renderFile('C:\\xampp\\htdocs...', Array, true)
#7 C:\xampp\htdocs\yii-uno-curso\framework\web\widgets\CContentDecorator.php(54): CContentDecorator->decorate('<div id="conten...')
#8 C:\xampp\htdocs\yii-uno-curso\framework\web\widgets\COutputProcessor.php(44): CContentDecorator->processOutput('<div id="conten...')
#9 C:\xampp\htdocs\yii-uno-curso\framework\web\CBaseController.php(214): COutputProcessor->run()
#10 C:\xampp\htdocs\yii-uno-curso\framework\web\CBaseController.php(308): CBaseController->endWidget('CContentDecorat...')
#11 C:\xampp\htdocs\yii-uno-curso\facilito\themes\classic\views\layouts\column1.php(6): CBaseController->endContent()
#12 C:\xampp\htdocs\yii-uno-curso\framework\web\CBaseController.php(126): require('C:\\xampp\\htdocs...')
#13 C:\xampp\htdocs\yii-uno-curso\framework\web\CBaseController.php(95): CBaseController->renderInternal('C:\\xampp\\htdocs...', Array, true)
#14 C:\xampp\htdocs\yii-uno-curso\framework\web\CController.php(784): CBaseController->renderFile('C:\\xampp\\htdocs...', Array, true)
#15 C:\xampp\htdocs\yii-uno-curso\facilito\protected\controllers\SiteController.php(32): CController->render('index')
#16 C:\xampp\htdocs\yii-uno-curso\framework\web\actions\CInlineAction.php(49): SiteController->actionIndex()
#17 C:\xampp\htdocs\yii-uno-curso\framework\web\CController.php(308): CInlineAction->runWithParams(Array)
#18 C:\xampp\htdocs\yii-uno-curso\framework\web\CController.php(286): CController->runAction(Object(CInlineAction))
#19 C:\xampp\htdocs\yii-uno-curso\framework\web\CController.php(265): CController->runActionWithFilters(Object(CInlineAction), Array)
#20 C:\xampp\htdocs\yii-uno-curso\framework\web\CWebApplication.php(282): CController->run('')
#21 C:\xampp\htdocs\yii-uno-curso\framework\web\CWebApplication.php(141): CWebApplication->runController('site')
#22 C:\xampp\htdocs\yii-uno-curso\framework\base\CApplication.php(184): CWebApplication->processRequest()
#23 C:\xampp\htdocs\yii-uno-curso\facilito\index.php(13): CApplication->run()
#24 {main}
REQUEST_URI=/yii-uno-curso/facilito/site/
---
2015/09/21 02:43:09 [error] [exception.CException] exception 'CException' with message 'Property "CMenu.htmlOption" is not defined.' in C:\xampp\htdocs\yii-uno-curso\framework\base\CComponent.php:173
Stack trace:
#0 C:\xampp\htdocs\yii-uno-curso\framework\web\CWidgetFactory.php(161): CComponent->__set('htmlOption', Array)
#1 C:\xampp\htdocs\yii-uno-curso\framework\web\CBaseController.php(146): CWidgetFactory->createWidget(Object(SiteController), 'zii.widgets.CMe...', Array)
#2 C:\xampp\htdocs\yii-uno-curso\framework\web\CBaseController.php(180): CBaseController->createWidget('zii.widgets.CMe...', Array)
#3 C:\xampp\htdocs\yii-uno-curso\facilito\themes\classic\views\layouts\main.php(49): CBaseController->widget('zii.widgets.CMe...', Array)
#4 C:\xampp\htdocs\yii-uno-curso\framework\web\CBaseController.php(126): require('C:\\xampp\\htdocs...')
#5 C:\xampp\htdocs\yii-uno-curso\framework\web\CBaseController.php(95): CBaseController->renderInternal('C:\\xampp\\htdocs...', Array, true)
#6 C:\xampp\htdocs\yii-uno-curso\framework\web\widgets\CContentDecorator.php(76): CBaseController->renderFile('C:\\xampp\\htdocs...', Array, true)
#7 C:\xampp\htdocs\yii-uno-curso\framework\web\widgets\CContentDecorator.php(54): CContentDecorator->decorate('<div id="conten...')
#8 C:\xampp\htdocs\yii-uno-curso\framework\web\widgets\COutputProcessor.php(44): CContentDecorator->processOutput('<div id="conten...')
#9 C:\xampp\htdocs\yii-uno-curso\framework\web\CBaseController.php(214): COutputProcessor->run()
#10 C:\xampp\htdocs\yii-uno-curso\framework\web\CBaseController.php(308): CBaseController->endWidget('CContentDecorat...')
#11 C:\xampp\htdocs\yii-uno-curso\facilito\themes\classic\views\layouts\column1.php(6): CBaseController->endContent()
#12 C:\xampp\htdocs\yii-uno-curso\framework\web\CBaseController.php(126): require('C:\\xampp\\htdocs...')
#13 C:\xampp\htdocs\yii-uno-curso\framework\web\CBaseController.php(95): CBaseController->renderInternal('C:\\xampp\\htdocs...', Array, true)
#14 C:\xampp\htdocs\yii-uno-curso\framework\web\CController.php(784): CBaseController->renderFile('C:\\xampp\\htdocs...', Array, true)
#15 C:\xampp\htdocs\yii-uno-curso\facilito\protected\controllers\SiteController.php(32): CController->render('index')
#16 C:\xampp\htdocs\yii-uno-curso\framework\web\actions\CInlineAction.php(49): SiteController->actionIndex()
#17 C:\xampp\htdocs\yii-uno-curso\framework\web\CController.php(308): CInlineAction->runWithParams(Array)
#18 C:\xampp\htdocs\yii-uno-curso\framework\web\CController.php(286): CController->runAction(Object(CInlineAction))
#19 C:\xampp\htdocs\yii-uno-curso\framework\web\CController.php(265): CController->runActionWithFilters(Object(CInlineAction), Array)
#20 C:\xampp\htdocs\yii-uno-curso\framework\web\CWebApplication.php(282): CController->run('')
#21 C:\xampp\htdocs\yii-uno-curso\framework\web\CWebApplication.php(141): CWebApplication->runController('site')
#22 C:\xampp\htdocs\yii-uno-curso\framework\base\CApplication.php(184): CWebApplication->processRequest()
#23 C:\xampp\htdocs\yii-uno-curso\facilito\index.php(13): CApplication->run()
#24 {main}
REQUEST_URI=/yii-uno-curso/facilito/site/
---
2015/09/23 05:18:42 [error] [exception.CHttpException.404] exception 'CHttpException' with message 'Unable to resolve the request "create".' in C:\xampp\htdocs\yii-uno-curso\framework\web\CWebApplication.php:286
Stack trace:
#0 C:\xampp\htdocs\yii-uno-curso\framework\web\CWebApplication.php(141): CWebApplication->runController('create')
#1 C:\xampp\htdocs\yii-uno-curso\framework\base\CApplication.php(184): CWebApplication->processRequest()
#2 C:\xampp\htdocs\yii-uno-curso\facilito\index.php(13): CApplication->run()
#3 {main}
REQUEST_URI=/yii-uno-curso/facilito/create
---
2015/09/27 14:33:26 [error] [php] Undefined variable: model (C:\xampp\htdocs\yii-uno-curso\facilito\protected\views\site\upload.php:26)
Stack trace:
#0 C:\xampp\htdocs\yii-uno-curso\framework\web\CController.php(869): SiteController->renderFile()
#1 C:\xampp\htdocs\yii-uno-curso\framework\web\CController.php(782): SiteController->renderPartial()
#2 C:\xampp\htdocs\yii-uno-curso\facilito\protected\controllers\SiteController.php(112): SiteController->render()
#3 C:\xampp\htdocs\yii-uno-curso\framework\web\actions\CInlineAction.php(49): SiteController->actionUpload()
#4 C:\xampp\htdocs\yii-uno-curso\framework\web\CController.php(308): CInlineAction->runWithParams()
#5 C:\xampp\htdocs\yii-uno-curso\framework\web\CController.php(286): SiteController->runAction()
#6 C:\xampp\htdocs\yii-uno-curso\framework\web\CController.php(265): SiteController->runActionWithFilters()
#7 C:\xampp\htdocs\yii-uno-curso\framework\web\CWebApplication.php(282): SiteController->run()
#8 C:\xampp\htdocs\yii-uno-curso\framework\web\CWebApplication.php(141): CWebApplication->runController()
#9 C:\xampp\htdocs\yii-uno-curso\framework\base\CApplication.php(184): CWebApplication->processRequest()
#10 C:\xampp\htdocs\yii-uno-curso\facilito\index.php(13): CWebApplication->run()
REQUEST_URI=/yii-uno-curso/facilito/site/upload
in C:\xampp\htdocs\yii-uno-curso\facilito\protected\views\site\upload.php (26)
in C:\xampp\htdocs\yii-uno-curso\facilito\protected\controllers\SiteController.php (112)
in C:\xampp\htdocs\yii-uno-curso\facilito\index.php (13)
2015/09/27 14:35:33 [error] [php] Undefined variable: model (C:\xampp\htdocs\yii-uno-curso\facilito\protected\views\site\upload.php:26)
Stack trace:
#0 C:\xampp\htdocs\yii-uno-curso\framework\web\CController.php(869): SiteController->renderFile()
#1 C:\xampp\htdocs\yii-uno-curso\framework\web\CController.php(782): SiteController->renderPartial()
#2 C:\xampp\htdocs\yii-uno-curso\facilito\protected\controllers\SiteController.php(112): SiteController->render()
#3 C:\xampp\htdocs\yii-uno-curso\framework\web\actions\CInlineAction.php(49): SiteController->actionUpload()
#4 C:\xampp\htdocs\yii-uno-curso\framework\web\CController.php(308): CInlineAction->runWithParams()
#5 C:\xampp\htdocs\yii-uno-curso\framework\web\CController.php(286): SiteController->runAction()
#6 C:\xampp\htdocs\yii-uno-curso\framework\web\CController.php(265): SiteController->runActionWithFilters()
#7 C:\xampp\htdocs\yii-uno-curso\framework\web\CWebApplication.php(282): SiteController->run()
#8 C:\xampp\htdocs\yii-uno-curso\framework\web\CWebApplication.php(141): CWebApplication->runController()
#9 C:\xampp\htdocs\yii-uno-curso\framework\base\CApplication.php(184): CWebApplication->processRequest()
#10 C:\xampp\htdocs\yii-uno-curso\facilito\index.php(13): CWebApplication->run()
REQUEST_URI=/yii-uno-curso/facilito/site/upload
in C:\xampp\htdocs\yii-uno-curso\facilito\protected\views\site\upload.php (26)
in C:\xampp\htdocs\yii-uno-curso\facilito\protected\controllers\SiteController.php (112)
in C:\xampp\htdocs\yii-uno-curso\facilito\index.php (13)
2015/09/27 14:37:12 [error] [exception.CException] exception 'CException' with message 'CActiveForm and its behaviors do not have a method or closure named "textFiels".' in C:\xampp\htdocs\yii-uno-curso\framework\base\CComponent.php:266
Stack trace:
#0 C:\xampp\htdocs\yii-uno-curso\facilito\protected\views\site\upload.php(27): CComponent->__call('textFiels', Array)
#1 C:\xampp\htdocs\yii-uno-curso\facilito\protected\views\site\upload.php(27): CActiveForm->textFiels(Object(FormUpload), 'title')
#2 C:\xampp\htdocs\yii-uno-curso\framework\web\CBaseController.php(126): require('C:\\xampp\\htdocs...')
#3 C:\xampp\htdocs\yii-uno-curso\framework\web\CBaseController.php(95): CBaseController->renderInternal('C:\\xampp\\htdocs...', Array, true)
#4 C:\xampp\htdocs\yii-uno-curso\framework\web\CController.php(869): CBaseController->renderFile('C:\\xampp\\htdocs...', Array, true)
#5 C:\xampp\htdocs\yii-uno-curso\framework\web\CController.php(782): CController->renderPartial('upload', Array, true)
#6 C:\xampp\htdocs\yii-uno-curso\facilito\protected\controllers\SiteController.php(113): CController->render('upload', Array)
#7 C:\xampp\htdocs\yii-uno-curso\framework\web\actions\CInlineAction.php(49): SiteController->actionUpload()
#8 C:\xampp\htdocs\yii-uno-curso\framework\web\CController.php(308): CInlineAction->runWithParams(Array)
#9 C:\xampp\htdocs\yii-uno-curso\framework\web\CController.php(286): CController->runAction(Object(CInlineAction))
#10 C:\xampp\htdocs\yii-uno-curso\framework\web\CController.php(265): CController->runActionWithFilters(Object(CInlineAction), Array)
#11 C:\xampp\htdocs\yii-uno-curso\framework\web\CWebApplication.php(282): CController->run('upload')
#12 C:\xampp\htdocs\yii-uno-curso\framework\web\CWebApplication.php(141): CWebApplication->runController('site/upload')
#13 C:\xampp\htdocs\yii-uno-curso\framework\base\CApplication.php(184): CWebApplication->processRequest()
#14 C:\xampp\htdocs\yii-uno-curso\facilito\index.php(13): CApplication->run()
#15 {main}
REQUEST_URI=/yii-uno-curso/facilito/site/upload
---
2015/09/27 14:41:29 [error] [exception.CException] exception 'CException' with message 'CActiveForm and its behaviors do not have a method or closure named "textFiels".' in C:\xampp\htdocs\yii-uno-curso\framework\base\CComponent.php:266
Stack trace:
#0 C:\xampp\htdocs\yii-uno-curso\facilito\protected\views\site\upload.php(27): CComponent->__call('textFiels', Array)
#1 C:\xampp\htdocs\yii-uno-curso\facilito\protected\views\site\upload.php(27): CActiveForm->textFiels(Object(FormUpload), 'title')
#2 C:\xampp\htdocs\yii-uno-curso\framework\web\CBaseController.php(126): require('C:\\xampp\\htdocs...')
#3 C:\xampp\htdocs\yii-uno-curso\framework\web\CBaseController.php(95): CBaseController->renderInternal('C:\\xampp\\htdocs...', Array, true)
#4 C:\xampp\htdocs\yii-uno-curso\framework\web\CController.php(869): CBaseController->renderFile('C:\\xampp\\htdocs...', Array, true)
#5 C:\xampp\htdocs\yii-uno-curso\framework\web\CController.php(782): CController->renderPartial('upload', Array, true)
#6 C:\xampp\htdocs\yii-uno-curso\facilito\protected\controllers\SiteController.php(113): CController->render('upload', Array)
#7 C:\xampp\htdocs\yii-uno-curso\framework\web\actions\CInlineAction.php(49): SiteController->actionUpload()
#8 C:\xampp\htdocs\yii-uno-curso\framework\web\CController.php(308): CInlineAction->runWithParams(Array)
#9 C:\xampp\htdocs\yii-uno-curso\framework\web\CController.php(286): CController->runAction(Object(CInlineAction))
#10 C:\xampp\htdocs\yii-uno-curso\framework\web\CController.php(265): CController->runActionWithFilters(Object(CInlineAction), Array)
#11 C:\xampp\htdocs\yii-uno-curso\framework\web\CWebApplication.php(282): CController->run('upload')
#12 C:\xampp\htdocs\yii-uno-curso\framework\web\CWebApplication.php(141): CWebApplication->runController('site/upload')
#13 C:\xampp\htdocs\yii-uno-curso\framework\base\CApplication.php(184): CWebApplication->processRequest()
#14 C:\xampp\htdocs\yii-uno-curso\facilito\index.php(13): CApplication->run()
#15 {main}
REQUEST_URI=/yii-uno-curso/facilito/site/upload
---
2015/09/27 14:42:52 [error] [exception.CException] exception 'CException' with message 'CActiveForm and its behaviors do not have a method or closure named "textFiels".' in C:\xampp\htdocs\yii-uno-curso\framework\base\CComponent.php:266
Stack trace:
#0 C:\xampp\htdocs\yii-uno-curso\facilito\protected\views\site\upload.php(27): CComponent->__call('textFiels', Array)
#1 C:\xampp\htdocs\yii-uno-curso\facilito\protected\views\site\upload.php(27): CActiveForm->textFiels(Object(FormUpload), 'title')
#2 C:\xampp\htdocs\yii-uno-curso\framework\web\CBaseController.php(126): require('C:\\xampp\\htdocs...')
#3 C:\xampp\htdocs\yii-uno-curso\framework\web\CBaseController.php(95): CBaseController->renderInternal('C:\\xampp\\htdocs...', Array, true)
#4 C:\xampp\htdocs\yii-uno-curso\framework\web\CController.php(869): CBaseController->renderFile('C:\\xampp\\htdocs...', Array, true)
#5 C:\xampp\htdocs\yii-uno-curso\framework\web\CController.php(782): CController->renderPartial('upload', Array, true)
#6 C:\xampp\htdocs\yii-uno-curso\facilito\protected\controllers\SiteController.php(113): CController->render('upload', Array)
#7 C:\xampp\htdocs\yii-uno-curso\framework\web\actions\CInlineAction.php(49): SiteController->actionUpload()
#8 C:\xampp\htdocs\yii-uno-curso\framework\web\CController.php(308): CInlineAction->runWithParams(Array)
#9 C:\xampp\htdocs\yii-uno-curso\framework\web\CController.php(286): CController->runAction(Object(CInlineAction))
#10 C:\xampp\htdocs\yii-uno-curso\framework\web\CController.php(265): CController->runActionWithFilters(Object(CInlineAction), Array)
#11 C:\xampp\htdocs\yii-uno-curso\framework\web\CWebApplication.php(282): CController->run('upload')
#12 C:\xampp\htdocs\yii-uno-curso\framework\web\CWebApplication.php(141): CWebApplication->runController('site/upload')
#13 C:\xampp\htdocs\yii-uno-curso\framework\base\CApplication.php(184): CWebApplication->processRequest()
#14 C:\xampp\htdocs\yii-uno-curso\facilito\index.php(13): CApplication->run()
#15 {main}
REQUEST_URI=/yii-uno-curso/facilito/site/upload
---
2015/09/27 15:13:21 [error] [php] Undefined index: FormUpload (C:\xampp\htdocs\yii-uno-curso\facilito\protected\controllers\SiteController.php:114)
Stack trace:
#0 C:\xampp\htdocs\yii-uno-curso\framework\web\CController.php(286): SiteController->runAction()
#1 C:\xampp\htdocs\yii-uno-curso\framework\web\CController.php(265): SiteController->runActionWithFilters()
#2 C:\xampp\htdocs\yii-uno-curso\framework\web\CWebApplication.php(282): SiteController->run()
#3 C:\xampp\htdocs\yii-uno-curso\framework\web\CWebApplication.php(141): CWebApplication->runController()
#4 C:\xampp\htdocs\yii-uno-curso\framework\base\CApplication.php(184): CWebApplication->processRequest()
#5 C:\xampp\htdocs\yii-uno-curso\facilito\index.php(13): CWebApplication->run()
REQUEST_URI=/yii-uno-curso/facilito/site/upload.html
in C:\xampp\htdocs\yii-uno-curso\facilito\protected\controllers\SiteController.php (114)
in C:\xampp\htdocs\yii-uno-curso\facilito\index.php (13)
2015/09/27 15:13:26 [error] [php] Undefined index: FormUpload (C:\xampp\htdocs\yii-uno-curso\facilito\protected\controllers\SiteController.php:114)
Stack trace:
#0 C:\xampp\htdocs\yii-uno-curso\framework\web\CController.php(286): SiteController->runAction()
#1 C:\xampp\htdocs\yii-uno-curso\framework\web\CController.php(265): SiteController->runActionWithFilters()
#2 C:\xampp\htdocs\yii-uno-curso\framework\web\CWebApplication.php(282): SiteController->run()
#3 C:\xampp\htdocs\yii-uno-curso\framework\web\CWebApplication.php(141): CWebApplication->runController()
#4 C:\xampp\htdocs\yii-uno-curso\framework\base\CApplication.php(184): CWebApplication->processRequest()
#5 C:\xampp\htdocs\yii-uno-curso\facilito\index.php(13): CWebApplication->run()
REQUEST_URI=/yii-uno-curso/facilito/site/upload.html
in C:\xampp\htdocs\yii-uno-curso\facilito\protected\controllers\SiteController.php (114)
in C:\xampp\htdocs\yii-uno-curso\facilito\index.php (13)
